{"/home/alvarriti/repos/multiplier-todolist/todo-app/src/components/Button/index.tsx": {"path":"/home/alvarriti/repos/multiplier-todolist/todo-app/src/components/Button/index.tsx","statementMap":{"0":{"start":{"line":1,"column":0},"end":{"line":1,"column":30}},"1":{"start":{"line":3,"column":0},"end":{"line":3,"column":40}},"2":{"start":{"line":5,"column":13},"end":{"line":23,"column":3}},"3":{"start":{"line":13,"column":2},"end":{"line":22,"column":4}}},"fnMap":{"0":{"name":"Button","decl":{"start":{"line":5,"column":36},"end":{"line":5,"column":42}},"loc":{"start":{"line":12,"column":14},"end":{"line":23,"column":1}}}},"branchMap":{"0":{"loc":{"start":{"line":7,"column":2},"end":{"line":7,"column":21}},"type":"default-arg","locations":[{"start":{"line":7,"column":12},"end":{"line":7,"column":21}}]},"1":{"loc":{"start":{"line":8,"column":2},"end":{"line":8,"column":17}},"type":"default-arg","locations":[{"start":{"line":8,"column":9},"end":{"line":8,"column":17}}]},"2":{"loc":{"start":{"line":17,"column":16},"end":{"line":17,"column":37}},"type":"binary-expr","locations":[{"start":{"line":17,"column":16},"end":{"line":17,"column":24}},{"start":{"line":17,"column":28},"end":{"line":17,"column":37}}]},"3":{"loc":{"start":{"line":20,"column":7},"end":{"line":20,"column":42}},"type":"cond-expr","locations":[{"start":{"line":20,"column":19},"end":{"line":20,"column":31}},{"start":{"line":20,"column":34},"end":{"line":20,"column":42}}]}},"s":{"0":4,"1":4,"2":4,"3":24},"f":{"0":24},"b":{"0":[13],"1":[13],"2":[24,23],"3":[1,23]}}
,"/home/alvarriti/repos/multiplier-todolist/todo-app/src/components/Button/styles.ts": {"path":"/home/alvarriti/repos/multiplier-todolist/todo-app/src/components/Button/styles.ts","statementMap":{"0":{"start":{"line":1,"column":0},"end":{"line":1,"column":48}},"1":{"start":{"line":4,"column":22},"end":{"line":20,"column":1}},"2":{"start":{"line":5,"column":16},"end":{"line":18,"column":4}},"3":{"start":{"line":7,"column":32},"end":{"line":7,"column":73}},"4":{"start":{"line":8,"column":34},"end":{"line":8,"column":51}},"5":{"start":{"line":11,"column":32},"end":{"line":11,"column":73}},"6":{"start":{"line":12,"column":34},"end":{"line":12,"column":51}},"7":{"start":{"line":15,"column":32},"end":{"line":15,"column":73}},"8":{"start":{"line":16,"column":34},"end":{"line":16,"column":51}},"9":{"start":{"line":19,"column":2},"end":{"line":19,"column":33}},"10":{"start":{"line":22,"column":25},"end":{"line":44,"column":1}},"11":{"start":{"line":23,"column":19},"end":{"line":42,"column":4}},"12":{"start":{"line":25,"column":41},"end":{"line":25,"column":61}},"13":{"start":{"line":27,"column":43},"end":{"line":27,"column":68}},"14":{"start":{"line":31,"column":41},"end":{"line":31,"column":58}},"15":{"start":{"line":33,"column":43},"end":{"line":33,"column":65}},"16":{"start":{"line":37,"column":41},"end":{"line":37,"column":60}},"17":{"start":{"line":39,"column":43},"end":{"line":39,"column":67}},"18":{"start":{"line":43,"column":2},"end":{"line":43,"column":40}},"19":{"start":{"line":46,"column":13},"end":{"line":61,"column":2}},"20":{"start":{"line":48,"column":34},"end":{"line":48,"column":55}},"21":{"start":{"line":49,"column":26},"end":{"line":49,"column":44}},"22":{"start":{"line":59,"column":18},"end":{"line":59,"column":37}},"23":{"start":{"line":60,"column":21},"end":{"line":60,"column":46}}},"fnMap":{"0":{"name":"(anonymous_6)","decl":{"start":{"line":4,"column":22},"end":{"line":4,"column":23}},"loc":{"start":{"line":4,"column":52},"end":{"line":20,"column":1}}},"1":{"name":"(anonymous_7)","decl":{"start":{"line":7,"column":17},"end":{"line":7,"column":18}},"loc":{"start":{"line":7,"column":32},"end":{"line":7,"column":73}}},"2":{"name":"(anonymous_8)","decl":{"start":{"line":8,"column":19},"end":{"line":8,"column":20}},"loc":{"start":{"line":8,"column":34},"end":{"line":8,"column":51}}},"3":{"name":"(anonymous_9)","decl":{"start":{"line":11,"column":17},"end":{"line":11,"column":18}},"loc":{"start":{"line":11,"column":32},"end":{"line":11,"column":73}}},"4":{"name":"(anonymous_10)","decl":{"start":{"line":12,"column":19},"end":{"line":12,"column":20}},"loc":{"start":{"line":12,"column":34},"end":{"line":12,"column":51}}},"5":{"name":"(anonymous_11)","decl":{"start":{"line":15,"column":17},"end":{"line":15,"column":18}},"loc":{"start":{"line":15,"column":32},"end":{"line":15,"column":73}}},"6":{"name":"(anonymous_12)","decl":{"start":{"line":16,"column":19},"end":{"line":16,"column":20}},"loc":{"start":{"line":16,"column":34},"end":{"line":16,"column":51}}},"7":{"name":"(anonymous_13)","decl":{"start":{"line":22,"column":25},"end":{"line":22,"column":26}},"loc":{"start":{"line":22,"column":61},"end":{"line":44,"column":1}}},"8":{"name":"(anonymous_14)","decl":{"start":{"line":25,"column":26},"end":{"line":25,"column":27}},"loc":{"start":{"line":25,"column":41},"end":{"line":25,"column":61}}},"9":{"name":"(anonymous_15)","decl":{"start":{"line":27,"column":28},"end":{"line":27,"column":29}},"loc":{"start":{"line":27,"column":43},"end":{"line":27,"column":68}}},"10":{"name":"(anonymous_16)","decl":{"start":{"line":31,"column":26},"end":{"line":31,"column":27}},"loc":{"start":{"line":31,"column":41},"end":{"line":31,"column":58}}},"11":{"name":"(anonymous_17)","decl":{"start":{"line":33,"column":28},"end":{"line":33,"column":29}},"loc":{"start":{"line":33,"column":43},"end":{"line":33,"column":65}}},"12":{"name":"(anonymous_18)","decl":{"start":{"line":37,"column":26},"end":{"line":37,"column":27}},"loc":{"start":{"line":37,"column":41},"end":{"line":37,"column":60}}},"13":{"name":"(anonymous_19)","decl":{"start":{"line":39,"column":28},"end":{"line":39,"column":29}},"loc":{"start":{"line":39,"column":43},"end":{"line":39,"column":67}}},"14":{"name":"(anonymous_20)","decl":{"start":{"line":48,"column":19},"end":{"line":48,"column":20}},"loc":{"start":{"line":48,"column":34},"end":{"line":48,"column":55}}},"15":{"name":"(anonymous_21)","decl":{"start":{"line":49,"column":11},"end":{"line":49,"column":12}},"loc":{"start":{"line":49,"column":26},"end":{"line":49,"column":44}}},"16":{"name":"(anonymous_22)","decl":{"start":{"line":59,"column":4},"end":{"line":59,"column":5}},"loc":{"start":{"line":59,"column":18},"end":{"line":59,"column":37}}},"17":{"name":"(anonymous_23)","decl":{"start":{"line":60,"column":4},"end":{"line":60,"column":5}},"loc":{"start":{"line":60,"column":21},"end":{"line":60,"column":46}}}},"branchMap":{"0":{"loc":{"start":{"line":19,"column":15},"end":{"line":19,"column":31}},"type":"binary-expr","locations":[{"start":{"line":19,"column":15},"end":{"line":19,"column":19}},{"start":{"line":19,"column":23},"end":{"line":19,"column":31}}]},"1":{"loc":{"start":{"line":43,"column":18},"end":{"line":43,"column":38}},"type":"binary-expr","locations":[{"start":{"line":43,"column":18},"end":{"line":43,"column":25}},{"start":{"line":43,"column":29},"end":{"line":43,"column":38}}]}},"s":{"0":4,"1":4,"2":24,"3":10,"4":10,"5":14,"6":14,"7":0,"8":0,"9":24,"10":4,"11":24,"12":13,"13":13,"14":6,"15":6,"16":5,"17":5,"18":24,"19":4,"20":24,"21":24,"22":24,"23":24},"f":{"0":24,"1":10,"2":10,"3":14,"4":14,"5":0,"6":0,"7":24,"8":13,"9":13,"10":6,"11":6,"12":5,"13":5,"14":24,"15":24,"16":24,"17":24},"b":{"0":[24,0],"1":[24,0]}}
,"/home/alvarriti/repos/multiplier-todolist/todo-app/src/components/Input/styles.ts": {"path":"/home/alvarriti/repos/multiplier-todolist/todo-app/src/components/Input/styles.ts","statementMap":{"0":{"start":{"line":1,"column":0},"end":{"line":1,"column":39}},"1":{"start":{"line":3,"column":13},"end":{"line":20,"column":2}},"2":{"start":{"line":5,"column":28},"end":{"line":5,"column":44}},"3":{"start":{"line":6,"column":37},"end":{"line":6,"column":56}},"4":{"start":{"line":7,"column":34},"end":{"line":7,"column":55}},"5":{"start":{"line":8,"column":30},"end":{"line":8,"column":47}},"6":{"start":{"line":13,"column":35},"end":{"line":13,"column":55}},"7":{"start":{"line":14,"column":43},"end":{"line":14,"column":70}},"8":{"start":{"line":18,"column":28},"end":{"line":18,"column":52}}},"fnMap":{"0":{"name":"(anonymous_1)","decl":{"start":{"line":5,"column":13},"end":{"line":5,"column":14}},"loc":{"start":{"line":5,"column":28},"end":{"line":5,"column":44}}},"1":{"name":"(anonymous_2)","decl":{"start":{"line":6,"column":22},"end":{"line":6,"column":23}},"loc":{"start":{"line":6,"column":37},"end":{"line":6,"column":56}}},"2":{"name":"(anonymous_3)","decl":{"start":{"line":7,"column":19},"end":{"line":7,"column":20}},"loc":{"start":{"line":7,"column":34},"end":{"line":7,"column":55}}},"3":{"name":"(anonymous_4)","decl":{"start":{"line":8,"column":15},"end":{"line":8,"column":16}},"loc":{"start":{"line":8,"column":30},"end":{"line":8,"column":47}}},"4":{"name":"(anonymous_5)","decl":{"start":{"line":13,"column":20},"end":{"line":13,"column":21}},"loc":{"start":{"line":13,"column":35},"end":{"line":13,"column":55}}},"5":{"name":"(anonymous_6)","decl":{"start":{"line":14,"column":28},"end":{"line":14,"column":29}},"loc":{"start":{"line":14,"column":43},"end":{"line":14,"column":70}}},"6":{"name":"(anonymous_7)","decl":{"start":{"line":18,"column":13},"end":{"line":18,"column":14}},"loc":{"start":{"line":18,"column":28},"end":{"line":18,"column":52}}}},"branchMap":{},"s":{"0":2,"1":2,"2":17,"3":17,"4":17,"5":17,"6":17,"7":17,"8":17},"f":{"0":17,"1":17,"2":17,"3":17,"4":17,"5":17,"6":17},"b":{}}
,"/home/alvarriti/repos/multiplier-todolist/todo-app/src/components/TodoList/index.tsx": {"path":"/home/alvarriti/repos/multiplier-todolist/todo-app/src/components/TodoList/index.tsx","statementMap":{"0":{"start":{"line":1,"column":0},"end":{"line":1,"column":53}},"1":{"start":{"line":2,"column":0},"end":{"line":2,"column":54}},"2":{"start":{"line":3,"column":0},"end":{"line":3,"column":56}},"3":{"start":{"line":4,"column":0},"end":{"line":4,"column":55}},"4":{"start":{"line":5,"column":0},"end":{"line":5,"column":49}},"5":{"start":{"line":7,"column":0},"end":{"line":7,"column":71}},"6":{"start":{"line":9,"column":13},"end":{"line":66,"column":3}},"7":{"start":{"line":10,"column":71},"end":{"line":10,"column":85}},"8":{"start":{"line":11,"column":40},"end":{"line":11,"column":67}},"9":{"start":{"line":13,"column":23},"end":{"line":22,"column":null}},"10":{"start":{"line":15,"column":6},"end":{"line":20,"column":7}},"11":{"start":{"line":16,"column":8},"end":{"line":16,"column":41}},"12":{"start":{"line":17,"column":8},"end":{"line":17,"column":29}},"13":{"start":{"line":19,"column":8},"end":{"line":19,"column":22}},"14":{"start":{"line":25,"column":21},"end":{"line":27,"column":8}},"15":{"start":{"line":26,"column":4},"end":{"line":26,"column":25}},"16":{"start":{"line":29,"column":23},"end":{"line":34,"column":31}},"17":{"start":{"line":30,"column":4},"end":{"line":32,"column":5}},"18":{"start":{"line":31,"column":6},"end":{"line":31,"column":27}},"19":{"start":{"line":33,"column":4},"end":{"line":33,"column":19}},"20":{"start":{"line":36,"column":16},"end":{"line":36,"column":51}},"21":{"start":{"line":36,"column":34},"end":{"line":36,"column":50}},"22":{"start":{"line":38,"column":25},"end":{"line":47,"column":null}},"23":{"start":{"line":40,"column":6},"end":{"line":41,"column":null}},"24":{"start":{"line":50,"column":2},"end":{"line":65,"column":4}}},"fnMap":{"0":{"name":"TodoList","decl":{"start":{"line":9,"column":38},"end":{"line":9,"column":46}},"loc":{"start":{"line":9,"column":46},"end":{"line":66,"column":1}}},"1":{"name":"(anonymous_1)","decl":{"start":{"line":14,"column":4},"end":{"line":14,"column":5}},"loc":{"start":{"line":14,"column":21},"end":{"line":21,"column":5}}},"2":{"name":"(anonymous_2)","decl":{"start":{"line":25,"column":33},"end":{"line":25,"column":34}},"loc":{"start":{"line":25,"column":48},"end":{"line":27,"column":3}}},"3":{"name":"(anonymous_3)","decl":{"start":{"line":29,"column":35},"end":{"line":29,"column":36}},"loc":{"start":{"line":29,"column":50},"end":{"line":34,"column":3}}},"4":{"name":"(anonymous_4)","decl":{"start":{"line":36,"column":28},"end":{"line":36,"column":30}},"loc":{"start":{"line":36,"column":34},"end":{"line":36,"column":50}}},"5":{"name":"(anonymous_5)","decl":{"start":{"line":39,"column":4},"end":{"line":39,"column":5}},"loc":{"start":{"line":40,"column":6},"end":{"line":41,"column":null}}}},"branchMap":{"0":{"loc":{"start":{"line":15,"column":6},"end":{"line":20,"column":7}},"type":"if","locations":[{"start":{"line":15,"column":6},"end":{"line":20,"column":7}},{"start":{"line":18,"column":13},"end":{"line":20,"column":7}}]},"1":{"loc":{"start":{"line":30,"column":4},"end":{"line":32,"column":5}},"type":"if","locations":[{"start":{"line":30,"column":4},"end":{"line":32,"column":5}}]},"2":{"loc":{"start":{"line":56,"column":20},"end":{"line":56,"column":48}},"type":"cond-expr","locations":[{"start":{"line":56,"column":34},"end":{"line":56,"column":40}},{"start":{"line":56,"column":43},"end":{"line":56,"column":48}}]},"3":{"loc":{"start":{"line":58,"column":7},"end":{"line":58,"column":52}},"type":"binary-expr","locations":[{"start":{"line":58,"column":7},"end":{"line":58,"column":12}},{"start":{"line":58,"column":16},"end":{"line":58,"column":52}}]}},"s":{"0":1,"1":1,"2":1,"3":1,"4":1,"5":1,"6":1,"7":7,"8":7,"9":7,"10":2,"11":0,"12":0,"13":2,"14":7,"15":0,"16":7,"17":1,"18":0,"19":1,"20":7,"21":2,"22":7,"23":2,"24":7},"f":{"0":7,"1":2,"2":0,"3":1,"4":2,"5":2},"b":{"0":[0,2],"1":[0],"2":[0,7],"3":[7,1]}}
,"/home/alvarriti/repos/multiplier-todolist/todo-app/src/components/TodoList/styles.ts": {"path":"/home/alvarriti/repos/multiplier-todolist/todo-app/src/components/TodoList/styles.ts","statementMap":{"0":{"start":{"line":1,"column":0},"end":{"line":1,"column":39}},"1":{"start":{"line":3,"column":13},"end":{"line":11,"column":2}},"2":{"start":{"line":7,"column":28},"end":{"line":7,"column":44}},"3":{"start":{"line":8,"column":37},"end":{"line":8,"column":55}},"4":{"start":{"line":9,"column":34},"end":{"line":9,"column":55}},"5":{"start":{"line":10,"column":31},"end":{"line":10,"column":47}},"6":{"start":{"line":13,"column":13},"end":{"line":19,"column":2}},"7":{"start":{"line":14,"column":30},"end":{"line":14,"column":47}},"8":{"start":{"line":15,"column":26},"end":{"line":15,"column":43}},"9":{"start":{"line":16,"column":34},"end":{"line":16,"column":50}},"10":{"start":{"line":21,"column":13},"end":{"line":28,"column":2}},"11":{"start":{"line":22,"column":26},"end":{"line":22,"column":44}},"12":{"start":{"line":23,"column":27},"end":{"line":23,"column":43}},"13":{"start":{"line":24,"column":28},"end":{"line":24,"column":44}},"14":{"start":{"line":25,"column":37},"end":{"line":25,"column":62}},"15":{"start":{"line":26,"column":34},"end":{"line":26,"column":55}},"16":{"start":{"line":27,"column":30},"end":{"line":27,"column":47}},"17":{"start":{"line":30,"column":13},"end":{"line":35,"column":2}},"18":{"start":{"line":32,"column":28},"end":{"line":32,"column":44}},"19":{"start":{"line":33,"column":26},"end":{"line":33,"column":50}},"20":{"start":{"line":34,"column":30},"end":{"line":34,"column":47}},"21":{"start":{"line":37,"column":13},"end":{"line":39,"column":2}},"22":{"start":{"line":38,"column":31},"end":{"line":38,"column":47}},"23":{"start":{"line":41,"column":13},"end":{"line":46,"column":2}},"24":{"start":{"line":45,"column":34},"end":{"line":45,"column":50}},"25":{"start":{"line":48,"column":13},"end":{"line":51,"column":2}},"26":{"start":{"line":49,"column":30},"end":{"line":49,"column":47}},"27":{"start":{"line":50,"column":26},"end":{"line":50,"column":50}},"28":{"start":{"line":53,"column":13},"end":{"line":74,"column":2}},"29":{"start":{"line":57,"column":28},"end":{"line":57,"column":44}},"30":{"start":{"line":63,"column":39},"end":{"line":63,"column":66}},"31":{"start":{"line":64,"column":39},"end":{"line":64,"column":59}},"32":{"start":{"line":76,"column":13},"end":{"line":87,"column":2}},"33":{"start":{"line":89,"column":13},"end":{"line":96,"column":2}},"34":{"start":{"line":90,"column":37},"end":{"line":90,"column":55}},"35":{"start":{"line":91,"column":28},"end":{"line":91,"column":44}},"36":{"start":{"line":92,"column":34},"end":{"line":92,"column":55}},"37":{"start":{"line":93,"column":31},"end":{"line":93,"column":47}},"38":{"start":{"line":98,"column":13},"end":{"line":103,"column":2}},"39":{"start":{"line":100,"column":24},"end":{"line":100,"column":40}},"40":{"start":{"line":101,"column":31},"end":{"line":101,"column":47}},"41":{"start":{"line":105,"column":13},"end":{"line":117,"column":2}},"42":{"start":{"line":107,"column":28},"end":{"line":107,"column":44}},"43":{"start":{"line":108,"column":26},"end":{"line":108,"column":50}},"44":{"start":{"line":115,"column":28},"end":{"line":115,"column":52}},"45":{"start":{"line":119,"column":13},"end":{"line":122,"column":2}},"46":{"start":{"line":120,"column":33},"end":{"line":120,"column":53}}},"fnMap":{"0":{"name":"(anonymous_1)","decl":{"start":{"line":7,"column":13},"end":{"line":7,"column":14}},"loc":{"start":{"line":7,"column":28},"end":{"line":7,"column":44}}},"1":{"name":"(anonymous_2)","decl":{"start":{"line":8,"column":22},"end":{"line":8,"column":23}},"loc":{"start":{"line":8,"column":37},"end":{"line":8,"column":55}}},"2":{"name":"(anonymous_3)","decl":{"start":{"line":9,"column":19},"end":{"line":9,"column":20}},"loc":{"start":{"line":9,"column":34},"end":{"line":9,"column":55}}},"3":{"name":"(anonymous_4)","decl":{"start":{"line":10,"column":16},"end":{"line":10,"column":17}},"loc":{"start":{"line":10,"column":31},"end":{"line":10,"column":47}}},"4":{"name":"(anonymous_5)","decl":{"start":{"line":14,"column":15},"end":{"line":14,"column":16}},"loc":{"start":{"line":14,"column":30},"end":{"line":14,"column":47}}},"5":{"name":"(anonymous_6)","decl":{"start":{"line":15,"column":11},"end":{"line":15,"column":12}},"loc":{"start":{"line":15,"column":26},"end":{"line":15,"column":43}}},"6":{"name":"(anonymous_7)","decl":{"start":{"line":16,"column":19},"end":{"line":16,"column":20}},"loc":{"start":{"line":16,"column":34},"end":{"line":16,"column":50}}},"7":{"name":"(anonymous_8)","decl":{"start":{"line":22,"column":11},"end":{"line":22,"column":12}},"loc":{"start":{"line":22,"column":26},"end":{"line":22,"column":44}}},"8":{"name":"(anonymous_9)","decl":{"start":{"line":23,"column":12},"end":{"line":23,"column":13}},"loc":{"start":{"line":23,"column":27},"end":{"line":23,"column":43}}},"9":{"name":"(anonymous_10)","decl":{"start":{"line":24,"column":13},"end":{"line":24,"column":14}},"loc":{"start":{"line":24,"column":28},"end":{"line":24,"column":44}}},"10":{"name":"(anonymous_11)","decl":{"start":{"line":25,"column":22},"end":{"line":25,"column":23}},"loc":{"start":{"line":25,"column":37},"end":{"line":25,"column":62}}},"11":{"name":"(anonymous_12)","decl":{"start":{"line":26,"column":19},"end":{"line":26,"column":20}},"loc":{"start":{"line":26,"column":34},"end":{"line":26,"column":55}}},"12":{"name":"(anonymous_13)","decl":{"start":{"line":27,"column":15},"end":{"line":27,"column":16}},"loc":{"start":{"line":27,"column":30},"end":{"line":27,"column":47}}},"13":{"name":"(anonymous_14)","decl":{"start":{"line":32,"column":13},"end":{"line":32,"column":14}},"loc":{"start":{"line":32,"column":28},"end":{"line":32,"column":44}}},"14":{"name":"(anonymous_15)","decl":{"start":{"line":33,"column":11},"end":{"line":33,"column":12}},"loc":{"start":{"line":33,"column":26},"end":{"line":33,"column":50}}},"15":{"name":"(anonymous_16)","decl":{"start":{"line":34,"column":15},"end":{"line":34,"column":16}},"loc":{"start":{"line":34,"column":30},"end":{"line":34,"column":47}}},"16":{"name":"(anonymous_17)","decl":{"start":{"line":38,"column":16},"end":{"line":38,"column":17}},"loc":{"start":{"line":38,"column":31},"end":{"line":38,"column":47}}},"17":{"name":"(anonymous_18)","decl":{"start":{"line":45,"column":19},"end":{"line":45,"column":20}},"loc":{"start":{"line":45,"column":34},"end":{"line":45,"column":50}}},"18":{"name":"(anonymous_19)","decl":{"start":{"line":49,"column":15},"end":{"line":49,"column":16}},"loc":{"start":{"line":49,"column":30},"end":{"line":49,"column":47}}},"19":{"name":"(anonymous_20)","decl":{"start":{"line":50,"column":11},"end":{"line":50,"column":12}},"loc":{"start":{"line":50,"column":26},"end":{"line":50,"column":50}}},"20":{"name":"(anonymous_21)","decl":{"start":{"line":57,"column":13},"end":{"line":57,"column":14}},"loc":{"start":{"line":57,"column":28},"end":{"line":57,"column":44}}},"21":{"name":"(anonymous_22)","decl":{"start":{"line":63,"column":24},"end":{"line":63,"column":25}},"loc":{"start":{"line":63,"column":39},"end":{"line":63,"column":66}}},"22":{"name":"(anonymous_23)","decl":{"start":{"line":64,"column":24},"end":{"line":64,"column":25}},"loc":{"start":{"line":64,"column":39},"end":{"line":64,"column":59}}},"23":{"name":"(anonymous_24)","decl":{"start":{"line":90,"column":22},"end":{"line":90,"column":23}},"loc":{"start":{"line":90,"column":37},"end":{"line":90,"column":55}}},"24":{"name":"(anonymous_25)","decl":{"start":{"line":91,"column":13},"end":{"line":91,"column":14}},"loc":{"start":{"line":91,"column":28},"end":{"line":91,"column":44}}},"25":{"name":"(anonymous_26)","decl":{"start":{"line":92,"column":19},"end":{"line":92,"column":20}},"loc":{"start":{"line":92,"column":34},"end":{"line":92,"column":55}}},"26":{"name":"(anonymous_27)","decl":{"start":{"line":93,"column":16},"end":{"line":93,"column":17}},"loc":{"start":{"line":93,"column":31},"end":{"line":93,"column":47}}},"27":{"name":"(anonymous_28)","decl":{"start":{"line":100,"column":9},"end":{"line":100,"column":10}},"loc":{"start":{"line":100,"column":24},"end":{"line":100,"column":40}}},"28":{"name":"(anonymous_29)","decl":{"start":{"line":101,"column":16},"end":{"line":101,"column":17}},"loc":{"start":{"line":101,"column":31},"end":{"line":101,"column":47}}},"29":{"name":"(anonymous_30)","decl":{"start":{"line":107,"column":13},"end":{"line":107,"column":14}},"loc":{"start":{"line":107,"column":28},"end":{"line":107,"column":44}}},"30":{"name":"(anonymous_31)","decl":{"start":{"line":108,"column":11},"end":{"line":108,"column":12}},"loc":{"start":{"line":108,"column":26},"end":{"line":108,"column":50}}},"31":{"name":"(anonymous_32)","decl":{"start":{"line":115,"column":13},"end":{"line":115,"column":14}},"loc":{"start":{"line":115,"column":28},"end":{"line":115,"column":52}}},"32":{"name":"(anonymous_33)","decl":{"start":{"line":120,"column":13},"end":{"line":120,"column":14}},"loc":{"start":{"line":120,"column":33},"end":{"line":120,"column":53}}}},"branchMap":{"0":{"loc":{"start":{"line":120,"column":33},"end":{"line":120,"column":53}},"type":"cond-expr","locations":[{"start":{"line":120,"column":46},"end":{"line":120,"column":49}},{"start":{"line":120,"column":52},"end":{"line":120,"column":53}}]}},"s":{"0":1,"1":1,"2":7,"3":7,"4":7,"5":7,"6":1,"7":7,"8":7,"9":7,"10":1,"11":1,"12":1,"13":1,"14":1,"15":1,"16":1,"17":1,"18":0,"19":0,"20":0,"21":1,"22":0,"23":1,"24":0,"25":1,"26":0,"27":0,"28":1,"29":0,"30":0,"31":0,"32":1,"33":1,"34":0,"35":0,"36":0,"37":0,"38":1,"39":0,"40":0,"41":1,"42":0,"43":0,"44":0,"45":1,"46":0},"f":{"0":7,"1":7,"2":7,"3":7,"4":7,"5":7,"6":7,"7":1,"8":1,"9":1,"10":1,"11":1,"12":1,"13":0,"14":0,"15":0,"16":0,"17":0,"18":0,"19":0,"20":0,"21":0,"22":0,"23":0,"24":0,"25":0,"26":0,"27":0,"28":0,"29":0,"30":0,"31":0,"32":0},"b":{"0":[0,0]}}
,"/home/alvarriti/repos/multiplier-todolist/todo-app/src/components/TodoList/Input/index.tsx": {"path":"/home/alvarriti/repos/multiplier-todolist/todo-app/src/components/TodoList/Input/index.tsx","statementMap":{"0":{"start":{"line":1,"column":0},"end":{"line":1,"column":70}},"1":{"start":{"line":2,"column":0},"end":{"line":2,"column":45}},"2":{"start":{"line":3,"column":0},"end":{"line":3,"column":56}},"3":{"start":{"line":4,"column":0},"end":{"line":4,"column":58}},"4":{"start":{"line":12,"column":13},"end":{"line":46,"column":3}},"5":{"start":{"line":17,"column":26},"end":{"line":17,"column":48}},"6":{"start":{"line":18,"column":2},"end":{"line":20,"column":21}},"7":{"start":{"line":19,"column":4},"end":{"line":19,"column":26}},"8":{"start":{"line":22,"column":23},"end":{"line":30,"column":null}},"9":{"start":{"line":24,"column":6},"end":{"line":24,"column":25}},"10":{"start":{"line":25,"column":6},"end":{"line":25,"column":21}},"11":{"start":{"line":26,"column":6},"end":{"line":28,"column":7}},"12":{"start":{"line":27,"column":8},"end":{"line":27,"column":20}},"13":{"start":{"line":33,"column":2},"end":{"line":45,"column":4}},"14":{"start":{"line":38,"column":25},"end":{"line":38,"column":48}}},"fnMap":{"0":{"name":"TodoInput","decl":{"start":{"line":12,"column":39},"end":{"line":12,"column":48}},"loc":{"start":{"line":16,"column":17},"end":{"line":46,"column":1}}},"1":{"name":"(anonymous_1)","decl":{"start":{"line":18,"column":12},"end":{"line":18,"column":15}},"loc":{"start":{"line":18,"column":17},"end":{"line":20,"column":3}}},"2":{"name":"(anonymous_2)","decl":{"start":{"line":23,"column":4},"end":{"line":23,"column":5}},"loc":{"start":{"line":23,"column":27},"end":{"line":29,"column":5}}},"3":{"name":"(anonymous_3)","decl":{"start":{"line":38,"column":18},"end":{"line":38,"column":19}},"loc":{"start":{"line":38,"column":25},"end":{"line":38,"column":48}}}},"branchMap":{"0":{"loc":{"start":{"line":14,"column":2},"end":{"line":14,"column":19}},"type":"default-arg","locations":[{"start":{"line":14,"column":17},"end":{"line":14,"column":19}}]},"1":{"loc":{"start":{"line":15,"column":2},"end":{"line":15,"column":20}},"type":"default-arg","locations":[{"start":{"line":15,"column":15},"end":{"line":15,"column":20}}]},"2":{"loc":{"start":{"line":26,"column":6},"end":{"line":28,"column":7}},"type":"if","locations":[{"start":{"line":26,"column":6},"end":{"line":28,"column":7}}]}},"s":{"0":2,"1":2,"2":2,"3":2,"4":2,"5":22,"6":22,"7":9,"8":22,"9":5,"10":5,"11":5,"12":4,"13":22,"14":5},"f":{"0":22,"1":9,"2":5,"3":5},"b":{"0":[22],"1":[12],"2":[4]}}
,"/home/alvarriti/repos/multiplier-todolist/todo-app/src/components/TodoList/Input/styles.ts": {"path":"/home/alvarriti/repos/multiplier-todolist/todo-app/src/components/TodoList/Input/styles.ts","statementMap":{"0":{"start":{"line":1,"column":0},"end":{"line":1,"column":39}},"1":{"start":{"line":3,"column":13},"end":{"line":7,"column":2}},"2":{"start":{"line":5,"column":24},"end":{"line":5,"column":40}},"3":{"start":{"line":6,"column":34},"end":{"line":6,"column":50}}},"fnMap":{"0":{"name":"(anonymous_1)","decl":{"start":{"line":5,"column":9},"end":{"line":5,"column":10}},"loc":{"start":{"line":5,"column":24},"end":{"line":5,"column":40}}},"1":{"name":"(anonymous_2)","decl":{"start":{"line":6,"column":19},"end":{"line":6,"column":20}},"loc":{"start":{"line":6,"column":34},"end":{"line":6,"column":50}}}},"branchMap":{},"s":{"0":2,"1":2,"2":17,"3":17},"f":{"0":17,"1":17},"b":{}}
,"/home/alvarriti/repos/multiplier-todolist/todo-app/src/components/TodoList/Item/index.tsx": {"path":"/home/alvarriti/repos/multiplier-todolist/todo-app/src/components/TodoList/Item/index.tsx","statementMap":{"0":{"start":{"line":1,"column":0},"end":{"line":1,"column":29}},"1":{"start":{"line":3,"column":0},"end":{"line":3,"column":45}},"2":{"start":{"line":4,"column":0},"end":{"line":4,"column":55}},"3":{"start":{"line":12,"column":13},"end":{"line":36,"column":3}},"4":{"start":{"line":17,"column":2},"end":{"line":35,"column":4}},"5":{"start":{"line":23,"column":23},"end":{"line":23,"column":35}},"6":{"start":{"line":30,"column":23},"end":{"line":30,"column":40}}},"fnMap":{"0":{"name":"TodoItem","decl":{"start":{"line":12,"column":38},"end":{"line":12,"column":46}},"loc":{"start":{"line":16,"column":16},"end":{"line":36,"column":1}}},"1":{"name":"(anonymous_1)","decl":{"start":{"line":23,"column":17},"end":{"line":23,"column":20}},"loc":{"start":{"line":23,"column":23},"end":{"line":23,"column":35}}},"2":{"name":"(anonymous_2)","decl":{"start":{"line":30,"column":17},"end":{"line":30,"column":20}},"loc":{"start":{"line":30,"column":23},"end":{"line":30,"column":40}}}},"branchMap":{},"s":{"0":2,"1":2,"2":2,"3":2,"4":5,"5":1,"6":2},"f":{"0":5,"1":1,"2":2},"b":{}}
,"/home/alvarriti/repos/multiplier-todolist/todo-app/src/components/TodoList/Item/styles.ts": {"path":"/home/alvarriti/repos/multiplier-todolist/todo-app/src/components/TodoList/Item/styles.ts","statementMap":{"0":{"start":{"line":1,"column":0},"end":{"line":1,"column":39}},"1":{"start":{"line":3,"column":13},"end":{"line":10,"column":2}},"2":{"start":{"line":6,"column":24},"end":{"line":6,"column":40}},"3":{"start":{"line":7,"column":28},"end":{"line":7,"column":44}},"4":{"start":{"line":8,"column":37},"end":{"line":8,"column":55}},"5":{"start":{"line":9,"column":44},"end":{"line":9,"column":63}},"6":{"start":{"line":12,"column":13},"end":{"line":15,"column":2}},"7":{"start":{"line":14,"column":30},"end":{"line":14,"column":47}}},"fnMap":{"0":{"name":"(anonymous_1)","decl":{"start":{"line":6,"column":9},"end":{"line":6,"column":10}},"loc":{"start":{"line":6,"column":24},"end":{"line":6,"column":40}}},"1":{"name":"(anonymous_2)","decl":{"start":{"line":7,"column":13},"end":{"line":7,"column":14}},"loc":{"start":{"line":7,"column":28},"end":{"line":7,"column":44}}},"2":{"name":"(anonymous_3)","decl":{"start":{"line":8,"column":22},"end":{"line":8,"column":23}},"loc":{"start":{"line":8,"column":37},"end":{"line":8,"column":55}}},"3":{"name":"(anonymous_4)","decl":{"start":{"line":9,"column":29},"end":{"line":9,"column":30}},"loc":{"start":{"line":9,"column":44},"end":{"line":9,"column":63}}},"4":{"name":"(anonymous_5)","decl":{"start":{"line":14,"column":15},"end":{"line":14,"column":16}},"loc":{"start":{"line":14,"column":30},"end":{"line":14,"column":47}}}},"branchMap":{},"s":{"0":2,"1":2,"2":5,"3":5,"4":5,"5":5,"6":2,"7":5},"f":{"0":5,"1":5,"2":5,"3":5,"4":5},"b":{}}
,"/home/alvarriti/repos/multiplier-todolist/todo-app/src/store/todoStore.ts": {"path":"/home/alvarriti/repos/multiplier-todolist/todo-app/src/store/todoStore.ts","statementMap":{"0":{"start":{"line":1,"column":0},"end":{"line":1,"column":33}},"1":{"start":{"line":2,"column":0},"end":{"line":2,"column":45}},"2":{"start":{"line":4,"column":0},"end":{"line":4,"column":56}},"3":{"start":{"line":13,"column":32},"end":{"line":18,"column":2}},"4":{"start":{"line":20,"column":13},"end":{"line":98,"column":2}},"5":{"start":{"line":22,"column":14},"end":{"line":84,"column":6}},"6":{"start":{"line":26,"column":8},"end":{"line":29,"column":9}},"7":{"start":{"line":27,"column":10},"end":{"line":27,"column":54}},"8":{"start":{"line":28,"column":10},"end":{"line":28,"column":17}},"9":{"start":{"line":31,"column":8},"end":{"line":48,"column":11}},"10":{"start":{"line":32,"column":21},"end":{"line":32,"column":33}},"11":{"start":{"line":33,"column":32},"end":{"line":38,"column":12}},"12":{"start":{"line":40,"column":25},"end":{"line":40,"column":47}},"13":{"start":{"line":41,"column":10},"end":{"line":41,"column":34}},"14":{"start":{"line":43,"column":10},"end":{"line":47,"column":12}},"15":{"start":{"line":52,"column":8},"end":{"line":55,"column":9}},"16":{"start":{"line":53,"column":10},"end":{"line":53,"column":54}},"17":{"start":{"line":54,"column":10},"end":{"line":54,"column":17}},"18":{"start":{"line":57,"column":8},"end":{"line":68,"column":11}},"19":{"start":{"line":58,"column":23},"end":{"line":58,"column":44}},"20":{"start":{"line":59,"column":10},"end":{"line":59,"column":34}},"21":{"start":{"line":59,"column":21},"end":{"line":59,"column":34}},"22":{"start":{"line":61,"column":25},"end":{"line":61,"column":47}},"23":{"start":{"line":62,"column":10},"end":{"line":62,"column":80}},"24":{"start":{"line":64,"column":10},"end":{"line":67,"column":12}},"25":{"start":{"line":72,"column":8},"end":{"line":80,"column":11}},"26":{"start":{"line":73,"column":25},"end":{"line":73,"column":47}},"27":{"start":{"line":74,"column":10},"end":{"line":74,"column":28}},"28":{"start":{"line":76,"column":10},"end":{"line":79,"column":12}},"29":{"start":{"line":78,"column":52},"end":{"line":78,"column":65}},"30":{"start":{"line":83,"column":42},"end":{"line":83,"column":56}},"31":{"start":{"line":87,"column":30},"end":{"line":90,"column":8}},"32":{"start":{"line":91,"column":32},"end":{"line":95,"column":7}},"33":{"start":{"line":92,"column":8},"end":{"line":94,"column":9}},"34":{"start":{"line":93,"column":10},"end":{"line":93,"column":49}}},"fnMap":{"0":{"name":"(anonymous_0)","decl":{"start":{"line":22,"column":4},"end":{"line":22,"column":5}},"loc":{"start":{"line":22,"column":14},"end":{"line":84,"column":6}}},"1":{"name":"(anonymous_1)","decl":{"start":{"line":25,"column":15},"end":{"line":25,"column":16}},"loc":{"start":{"line":25,"column":32},"end":{"line":49,"column":7}}},"2":{"name":"(anonymous_2)","decl":{"start":{"line":31,"column":12},"end":{"line":31,"column":13}},"loc":{"start":{"line":31,"column":22},"end":{"line":48,"column":9}}},"3":{"name":"(anonymous_3)","decl":{"start":{"line":51,"column":18},"end":{"line":51,"column":19}},"loc":{"start":{"line":51,"column":47},"end":{"line":69,"column":7}}},"4":{"name":"(anonymous_4)","decl":{"start":{"line":57,"column":12},"end":{"line":57,"column":13}},"loc":{"start":{"line":57,"column":22},"end":{"line":68,"column":9}}},"5":{"name":"(anonymous_5)","decl":{"start":{"line":71,"column":18},"end":{"line":71,"column":19}},"loc":{"start":{"line":71,"column":33},"end":{"line":81,"column":7}}},"6":{"name":"(anonymous_6)","decl":{"start":{"line":72,"column":12},"end":{"line":72,"column":13}},"loc":{"start":{"line":72,"column":22},"end":{"line":80,"column":9}}},"7":{"name":"(anonymous_7)","decl":{"start":{"line":78,"column":42},"end":{"line":78,"column":48}},"loc":{"start":{"line":78,"column":52},"end":{"line":78,"column":65}}},"8":{"name":"(anonymous_8)","decl":{"start":{"line":83,"column":16},"end":{"line":83,"column":17}},"loc":{"start":{"line":83,"column":42},"end":{"line":83,"column":56}}},"9":{"name":"(anonymous_9)","decl":{"start":{"line":87,"column":18},"end":{"line":87,"column":19}},"loc":{"start":{"line":87,"column":30},"end":{"line":90,"column":8}}},"10":{"name":"(anonymous_10)","decl":{"start":{"line":91,"column":26},"end":{"line":91,"column":29}},"loc":{"start":{"line":91,"column":32},"end":{"line":95,"column":7}}},"11":{"name":"(anonymous_11)","decl":{"start":{"line":91,"column":32},"end":{"line":91,"column":33}},"loc":{"start":{"line":91,"column":42},"end":{"line":95,"column":7}}}},"branchMap":{"0":{"loc":{"start":{"line":26,"column":8},"end":{"line":29,"column":9}},"type":"if","locations":[{"start":{"line":26,"column":8},"end":{"line":29,"column":9}}]},"1":{"loc":{"start":{"line":52,"column":8},"end":{"line":55,"column":9}},"type":"if","locations":[{"start":{"line":52,"column":8},"end":{"line":55,"column":9}}]},"2":{"loc":{"start":{"line":59,"column":10},"end":{"line":59,"column":34}},"type":"if","locations":[{"start":{"line":59,"column":10},"end":{"line":59,"column":34}}]},"3":{"loc":{"start":{"line":92,"column":8},"end":{"line":94,"column":9}},"type":"if","locations":[{"start":{"line":92,"column":8},"end":{"line":94,"column":9}}]},"4":{"loc":{"start":{"line":92,"column":12},"end":{"line":92,"column":49}},"type":"binary-expr","locations":[{"start":{"line":92,"column":12},"end":{"line":92,"column":17}},{"start":{"line":92,"column":21},"end":{"line":92,"column":49}}]}},"s":{"0":1,"1":1,"2":1,"3":1,"4":1,"5":1,"6":3,"7":1,"8":1,"9":2,"10":2,"11":2,"12":2,"13":2,"14":2,"15":0,"16":0,"17":0,"18":0,"19":0,"20":0,"21":0,"22":0,"23":0,"24":0,"25":1,"26":1,"27":1,"28":1,"29":1,"30":0,"31":8,"32":1,"33":1,"34":0},"f":{"0":1,"1":3,"2":2,"3":0,"4":0,"5":1,"6":1,"7":1,"8":0,"9":8,"10":1,"11":1},"b":{"0":[1],"1":[0],"2":[0],"3":[0],"4":[1,1]}}
,"/home/alvarriti/repos/multiplier-todolist/todo-app/src/styles/theme.ts": {"path":"/home/alvarriti/repos/multiplier-todolist/todo-app/src/styles/theme.ts","statementMap":{"0":{"start":{"line":1,"column":13},"end":{"line":37,"column":4}}},"fnMap":{},"branchMap":{},"s":{"0":4},"f":{},"b":{}}
,"/home/alvarriti/repos/multiplier-todolist/todo-app/src/utils/helpers/generateId.ts": {"path":"/home/alvarriti/repos/multiplier-todolist/todo-app/src/utils/helpers/generateId.ts","statementMap":{"0":{"start":{"line":1,"column":0},"end":{"line":1,"column":36}},"1":{"start":{"line":3,"column":26},"end":{"line":5,"column":1}},"2":{"start":{"line":4,"column":2},"end":{"line":4,"column":18}},"3":{"start":{"line":3,"column":13},"end":{"line":3,"column":26}}},"fnMap":{"0":{"name":"(anonymous_0)","decl":{"start":{"line":3,"column":26},"end":{"line":3,"column":37}},"loc":{"start":{"line":3,"column":39},"end":{"line":5,"column":1}}}},"branchMap":{},"s":{"0":1,"1":1,"2":2,"3":1},"f":{"0":2},"b":{}}
,"/home/alvarriti/repos/multiplier-todolist/todo-app/src/utils/tests/index.tsx": {"path":"/home/alvarriti/repos/multiplier-todolist/todo-app/src/utils/tests/index.tsx","statementMap":{"0":{"start":{"line":2,"column":0},"end":{"line":2,"column":50}},"1":{"start":{"line":3,"column":0},"end":{"line":3,"column":32}},"2":{"start":{"line":14,"column":36},"end":{"line":3,"column":43}},"3":{"start":{"line":14,"column":48},"end":{"line":3,"column":82}},"4":{"start":{"line":4,"column":0},"end":{"line":4,"column":39}},"5":{"start":{"line":6,"column":24},"end":{"line":11,"column":1}},"6":{"start":{"line":10,"column":2},"end":{"line":10,"column":76}},"7":{"start":{"line":14,"column":28},"end":{"line":14,"column":34}},"8":{"start":{"line":13,"column":0},"end":{"line":13,"column":39}}},"fnMap":{"0":{"name":"(anonymous_4)","decl":{"start":{"line":14,"column":36},"end":{"line":14,"column":45}},"loc":{"start":{"line":14,"column":36},"end":{"line":3,"column":43}}},"1":{"name":"(anonymous_5)","decl":{"start":{"line":14,"column":48},"end":{"line":14,"column":54}},"loc":{"start":{"line":14,"column":48},"end":{"line":3,"column":82}}},"2":{"name":"(anonymous_6)","decl":{"start":{"line":6,"column":24},"end":{"line":6,"column":null}},"loc":{"start":{"line":9,"column":4},"end":{"line":11,"column":1}}}},"branchMap":{},"s":{"0":4,"1":4,"2":17,"3":4,"4":4,"5":4,"6":17,"7":4,"8":4},"f":{"0":13,"1":0,"2":17},"b":{}}
}
