TN:
SF:src/components/Button/index.tsx
FN:5,Button
FNF:1
FNH:1
FNDA:24,Button
DA:1,4
DA:3,4
DA:5,4
DA:13,24
LF:4
LH:4
BRDA:7,0,0,13
BRDA:8,1,0,13
BRDA:17,2,0,24
BRDA:17,2,1,23
BRDA:20,3,0,1
BRDA:20,3,1,23
BRF:6
BRH:6
end_of_record
TN:
SF:src/components/Button/styles.ts
FN:4,(anonymous_6)
FN:7,(anonymous_7)
FN:8,(anonymous_8)
FN:11,(anonymous_9)
FN:12,(anonymous_10)
FN:15,(anonymous_11)
FN:16,(anonymous_12)
FN:22,(anonymous_13)
FN:25,(anonymous_14)
FN:27,(anonymous_15)
FN:31,(anonymous_16)
FN:33,(anonymous_17)
FN:37,(anonymous_18)
FN:39,(anonymous_19)
FN:48,(anonymous_20)
FN:49,(anonymous_21)
FN:59,(anonymous_22)
FN:60,(anonymous_23)
FNF:18
FNH:16
FNDA:24,(anonymous_6)
FNDA:10,(anonymous_7)
FNDA:10,(anonymous_8)
FNDA:14,(anonymous_9)
FNDA:14,(anonymous_10)
FNDA:0,(anonymous_11)
FNDA:0,(anonymous_12)
FNDA:24,(anonymous_13)
FNDA:13,(anonymous_14)
FNDA:13,(anonymous_15)
FNDA:6,(anonymous_16)
FNDA:6,(anonymous_17)
FNDA:5,(anonymous_18)
FNDA:5,(anonymous_19)
FNDA:24,(anonymous_20)
FNDA:24,(anonymous_21)
FNDA:24,(anonymous_22)
FNDA:24,(anonymous_23)
DA:1,4
DA:4,4
DA:5,24
DA:7,10
DA:8,10
DA:11,14
DA:12,14
DA:15,0
DA:16,0
DA:19,24
DA:22,4
DA:23,24
DA:25,13
DA:27,13
DA:31,6
DA:33,6
DA:37,5
DA:39,5
DA:43,24
DA:46,4
DA:48,24
DA:49,24
DA:59,24
DA:60,24
LF:24
LH:22
BRDA:19,0,0,24
BRDA:19,0,1,0
BRDA:43,1,0,24
BRDA:43,1,1,0
BRF:4
BRH:2
end_of_record
TN:
SF:src/components/Input/styles.ts
FN:5,(anonymous_1)
FN:6,(anonymous_2)
FN:7,(anonymous_3)
FN:8,(anonymous_4)
FN:13,(anonymous_5)
FN:14,(anonymous_6)
FN:18,(anonymous_7)
FNF:7
FNH:7
FNDA:17,(anonymous_1)
FNDA:17,(anonymous_2)
FNDA:17,(anonymous_3)
FNDA:17,(anonymous_4)
FNDA:17,(anonymous_5)
FNDA:17,(anonymous_6)
FNDA:17,(anonymous_7)
DA:1,2
DA:3,2
DA:5,17
DA:6,17
DA:7,17
DA:8,17
DA:13,17
DA:14,17
DA:18,17
LF:9
LH:9
BRF:0
BRH:0
end_of_record
TN:
SF:src/components/TodoList/index.tsx
FN:9,TodoList
FN:14,(anonymous_1)
FN:25,(anonymous_2)
FN:29,(anonymous_3)
FN:36,(anonymous_4)
FN:39,(anonymous_5)
FNF:6
FNH:5
FNDA:7,TodoList
FNDA:2,(anonymous_1)
FNDA:0,(anonymous_2)
FNDA:1,(anonymous_3)
FNDA:2,(anonymous_4)
FNDA:2,(anonymous_5)
DA:1,1
DA:2,1
DA:3,1
DA:4,1
DA:5,1
DA:7,1
DA:9,1
DA:10,7
DA:11,7
DA:13,7
DA:15,2
DA:16,0
DA:17,0
DA:19,2
DA:25,7
DA:26,0
DA:29,7
DA:30,1
DA:31,0
DA:33,1
DA:36,7
DA:38,7
DA:40,2
DA:50,7
LF:24
LH:20
BRDA:15,0,0,0
BRDA:15,0,1,2
BRDA:30,1,0,0
BRDA:56,2,0,0
BRDA:56,2,1,7
BRDA:58,3,0,7
BRDA:58,3,1,1
BRF:7
BRH:4
end_of_record
TN:
SF:src/components/TodoList/styles.ts
FN:7,(anonymous_1)
FN:8,(anonymous_2)
FN:9,(anonymous_3)
FN:10,(anonymous_4)
FN:14,(anonymous_5)
FN:15,(anonymous_6)
FN:16,(anonymous_7)
FN:22,(anonymous_8)
FN:23,(anonymous_9)
FN:24,(anonymous_10)
FN:25,(anonymous_11)
FN:26,(anonymous_12)
FN:27,(anonymous_13)
FN:32,(anonymous_14)
FN:33,(anonymous_15)
FN:34,(anonymous_16)
FN:38,(anonymous_17)
FN:45,(anonymous_18)
FN:49,(anonymous_19)
FN:50,(anonymous_20)
FN:57,(anonymous_21)
FN:63,(anonymous_22)
FN:64,(anonymous_23)
FN:90,(anonymous_24)
FN:91,(anonymous_25)
FN:92,(anonymous_26)
FN:93,(anonymous_27)
FN:100,(anonymous_28)
FN:101,(anonymous_29)
FN:107,(anonymous_30)
FN:108,(anonymous_31)
FN:115,(anonymous_32)
FN:120,(anonymous_33)
FNF:33
FNH:13
FNDA:7,(anonymous_1)
FNDA:7,(anonymous_2)
FNDA:7,(anonymous_3)
FNDA:7,(anonymous_4)
FNDA:7,(anonymous_5)
FNDA:7,(anonymous_6)
FNDA:7,(anonymous_7)
FNDA:1,(anonymous_8)
FNDA:1,(anonymous_9)
FNDA:1,(anonymous_10)
FNDA:1,(anonymous_11)
FNDA:1,(anonymous_12)
FNDA:1,(anonymous_13)
FNDA:0,(anonymous_14)
FNDA:0,(anonymous_15)
FNDA:0,(anonymous_16)
FNDA:0,(anonymous_17)
FNDA:0,(anonymous_18)
FNDA:0,(anonymous_19)
FNDA:0,(anonymous_20)
FNDA:0,(anonymous_21)
FNDA:0,(anonymous_22)
FNDA:0,(anonymous_23)
FNDA:0,(anonymous_24)
FNDA:0,(anonymous_25)
FNDA:0,(anonymous_26)
FNDA:0,(anonymous_27)
FNDA:0,(anonymous_28)
FNDA:0,(anonymous_29)
FNDA:0,(anonymous_30)
FNDA:0,(anonymous_31)
FNDA:0,(anonymous_32)
FNDA:0,(anonymous_33)
DA:1,1
DA:3,1
DA:7,7
DA:8,7
DA:9,7
DA:10,7
DA:13,1
DA:14,7
DA:15,7
DA:16,7
DA:21,1
DA:22,1
DA:23,1
DA:24,1
DA:25,1
DA:26,1
DA:27,1
DA:30,1
DA:32,0
DA:33,0
DA:34,0
DA:37,1
DA:38,0
DA:41,1
DA:45,0
DA:48,1
DA:49,0
DA:50,0
DA:53,1
DA:57,0
DA:63,0
DA:64,0
DA:76,1
DA:89,1
DA:90,0
DA:91,0
DA:92,0
DA:93,0
DA:98,1
DA:100,0
DA:101,0
DA:105,1
DA:107,0
DA:108,0
DA:115,0
DA:119,1
DA:120,0
LF:47
LH:27
BRDA:120,0,0,0
BRDA:120,0,1,0
BRF:2
BRH:0
end_of_record
TN:
SF:src/components/TodoList/Input/index.tsx
FN:12,TodoInput
FN:18,(anonymous_1)
FN:23,(anonymous_2)
FN:38,(anonymous_3)
FNF:4
FNH:4
FNDA:22,TodoInput
FNDA:9,(anonymous_1)
FNDA:5,(anonymous_2)
FNDA:5,(anonymous_3)
DA:1,2
DA:2,2
DA:3,2
DA:4,2
DA:12,2
DA:17,22
DA:18,22
DA:19,9
DA:22,22
DA:24,5
DA:25,5
DA:26,5
DA:27,4
DA:33,22
DA:38,5
LF:15
LH:15
BRDA:14,0,0,22
BRDA:15,1,0,12
BRDA:26,2,0,4
BRF:3
BRH:3
end_of_record
TN:
SF:src/components/TodoList/Input/styles.ts
FN:5,(anonymous_1)
FN:6,(anonymous_2)
FNF:2
FNH:2
FNDA:17,(anonymous_1)
FNDA:17,(anonymous_2)
DA:1,2
DA:3,2
DA:5,17
DA:6,17
LF:4
LH:4
BRF:0
BRH:0
end_of_record
TN:
SF:src/components/TodoList/Item/index.tsx
FN:12,TodoItem
FN:23,(anonymous_1)
FN:30,(anonymous_2)
FNF:3
FNH:3
FNDA:5,TodoItem
FNDA:1,(anonymous_1)
FNDA:2,(anonymous_2)
DA:1,2
DA:3,2
DA:4,2
DA:12,2
DA:17,5
DA:23,1
DA:30,2
LF:7
LH:7
BRF:0
BRH:0
end_of_record
TN:
SF:src/components/TodoList/Item/styles.ts
FN:6,(anonymous_1)
FN:7,(anonymous_2)
FN:8,(anonymous_3)
FN:9,(anonymous_4)
FN:14,(anonymous_5)
FNF:5
FNH:5
FNDA:5,(anonymous_1)
FNDA:5,(anonymous_2)
FNDA:5,(anonymous_3)
FNDA:5,(anonymous_4)
FNDA:5,(anonymous_5)
DA:1,2
DA:3,2
DA:6,5
DA:7,5
DA:8,5
DA:9,5
DA:12,2
DA:14,5
LF:8
LH:8
BRF:0
BRH:0
end_of_record
TN:
SF:src/store/todoStore.ts
FN:22,(anonymous_0)
FN:25,(anonymous_1)
FN:31,(anonymous_2)
FN:51,(anonymous_3)
FN:57,(anonymous_4)
FN:71,(anonymous_5)
FN:72,(anonymous_6)
FN:78,(anonymous_7)
FN:83,(anonymous_8)
FN:87,(anonymous_9)
FN:91,(anonymous_10)
FN:91,(anonymous_11)
FNF:12
FNH:9
FNDA:1,(anonymous_0)
FNDA:3,(anonymous_1)
FNDA:2,(anonymous_2)
FNDA:0,(anonymous_3)
FNDA:0,(anonymous_4)
FNDA:1,(anonymous_5)
FNDA:1,(anonymous_6)
FNDA:1,(anonymous_7)
FNDA:0,(anonymous_8)
FNDA:8,(anonymous_9)
FNDA:1,(anonymous_10)
FNDA:1,(anonymous_11)
DA:1,1
DA:2,1
DA:4,1
DA:13,1
DA:20,1
DA:22,1
DA:26,3
DA:27,1
DA:28,1
DA:31,2
DA:32,2
DA:33,2
DA:40,2
DA:41,2
DA:43,2
DA:52,0
DA:53,0
DA:54,0
DA:57,0
DA:58,0
DA:59,0
DA:61,0
DA:62,0
DA:64,0
DA:72,1
DA:73,1
DA:74,1
DA:76,1
DA:78,1
DA:83,0
DA:87,8
DA:91,1
DA:92,1
DA:93,0
LF:34
LH:23
BRDA:26,0,0,1
BRDA:52,1,0,0
BRDA:59,2,0,0
BRDA:92,3,0,0
BRDA:92,4,0,1
BRDA:92,4,1,1
BRF:6
BRH:3
end_of_record
TN:
SF:src/styles/theme.ts
FNF:0
FNH:0
DA:1,4
LF:1
LH:1
BRF:0
BRH:0
end_of_record
TN:
SF:src/utils/helpers/generateId.ts
FN:3,(anonymous_0)
FNF:1
FNH:1
FNDA:2,(anonymous_0)
DA:1,1
DA:3,1
DA:4,2
LF:3
LH:3
BRF:0
BRH:0
end_of_record
TN:
SF:src/utils/tests/index.tsx
FN:14,(anonymous_4)
FN:14,(anonymous_5)
FN:6,(anonymous_6)
FNF:3
FNH:2
FNDA:13,(anonymous_4)
FNDA:0,(anonymous_5)
FNDA:17,(anonymous_6)
DA:2,4
DA:3,4
DA:4,4
DA:6,4
DA:10,17
DA:13,4
DA:14,17
LF:7
LH:7
BRF:0
BRH:0
end_of_record
